<?xml version="1.0" encoding="UTF-8"?>
<testng-results ignored="0" total="1" passed="1" failed="0" skipped="0">
  <reporter-output>
  </reporter-output>
  <suite started-at="2021-10-13T17:06:55 IST" name="Default suite" finished-at="2021-10-13T17:08:05 IST" duration-ms="70298">
    <groups>
    </groups>
    <test started-at="2021-10-13T17:06:55 IST" name="Default test" finished-at="2021-10-13T17:08:05 IST" duration-ms="70298">
      <class name="Tests.ScenarioOne">
        <test-method signature="testNew()[pri:0, instance:Tests.ScenarioOne@82de64a]" started-at="2021-10-13T17:06:55 IST" name="testNew" finished-at="2021-10-13T17:08:05 IST" duration-ms="70039" status="PASS">
          <reporter-output>
          </reporter-output>
        </test-method> <!-- testNew -->
        <test-method is-config="true" signature="cleanUp()[pri:0, instance:Tests.ScenarioOne@82de64a]" started-at="2021-10-13T17:08:05 IST" name="cleanUp" finished-at="2021-10-13T17:08:05 IST" duration-ms="217" status="PASS">
          <reporter-output>
          </reporter-output>
        </test-method> <!-- cleanUp -->
      </class> <!-- Tests.ScenarioOne -->
    </test> <!-- Default test -->
  </suite> <!-- Default suite -->
</testng-results>
